0 verbose cli /usr/bin/node /usr/bin/npm
1 info using npm@9.2.0
2 info using node@v18.19.0
3 timing npm:load:whichnode Completed in 0ms
4 timing config:load:defaults Completed in 2ms
5 timing config:load:file:/usr/share/nodejs/npm/npmrc Completed in 3ms
6 timing config:load:builtin Completed in 3ms
7 timing config:load:cli Completed in 1ms
8 timing config:load:env Completed in 0ms
9 timing config:load:project Completed in 4ms
10 timing config:load:file:/var/www/.npmrc Completed in 0ms
11 timing config:load:user Completed in 0ms
12 timing config:load:file:/etc/npmrc Completed in 0ms
13 timing config:load:global Completed in 0ms
14 timing config:load:setEnvs Completed in 1ms
15 timing config:load Completed in 14ms
16 timing npm:load:configload Completed in 14ms
17 timing npm:load:mkdirpcache Completed in 2ms
18 timing npm:load:mkdirplogs Completed in 3ms
19 verbose title npm install
20 verbose argv "install"
21 timing npm:load:setTitle Completed in 1ms
22 timing config:load:flatten Completed in 2ms
23 timing npm:load:display Completed in 4ms
24 verbose logfile logs-max:10 dir:/var/www/.npm/_logs/2024-11-29T21_00_11_759Z-
25 verbose logfile /var/www/.npm/_logs/2024-11-29T21_00_11_759Z-debug-0.log
26 timing npm:load:logFile Completed in 14ms
27 timing npm:load:timers Completed in 0ms
28 timing npm:load:configScope Completed in 0ms
29 timing npm:load Completed in 40ms
30 silly logfile done cleaning log files
31 timing config:load:flatten Completed in 1ms
32 timing arborist:ctor Completed in 1ms
33 timing idealTree:init Completed in 248ms
34 timing idealTree:userRequests Completed in 0ms
35 silly idealTree buildDeps
36 timing idealTree:#root Completed in 1ms
37 timing idealTree:buildDeps Completed in 3ms
38 timing idealTree:fixDepFlags Completed in 1ms
39 timing idealTree Completed in 259ms
40 timing arborist:ctor Completed in 0ms
41 timing reify:loadTrees Completed in 623ms
42 timing reify:diffTrees Completed in 55ms
43 silly reify moves {}
44 timing reify:retireShallow Completed in 2ms
45 timing reify:createSparse Completed in 51ms
46 timing reify:loadBundles Completed in 0ms
47 silly audit bulk request {
47 silly audit   '@alloc/quick-lru': [ '5.2.0' ],
47 silly audit   '@babel/runtime': [ '7.26.0' ],
47 silly audit   '@babel/runtime-corejs3': [ '7.26.0' ],
47 silly audit   '@braintree/sanitize-url': [ '7.0.4' ],
47 silly audit   '@esbuild/aix-ppc64': [ '0.21.5' ],
47 silly audit   '@esbuild/android-arm': [ '0.21.5' ],
47 silly audit   '@esbuild/android-arm64': [ '0.21.5' ],
47 silly audit   '@esbuild/android-x64': [ '0.21.5' ],
47 silly audit   '@esbuild/darwin-arm64': [ '0.21.5' ],
47 silly audit   '@esbuild/darwin-x64': [ '0.21.5' ],
47 silly audit   '@esbuild/freebsd-arm64': [ '0.21.5' ],
47 silly audit   '@esbuild/freebsd-x64': [ '0.21.5' ],
47 silly audit   '@esbuild/linux-arm': [ '0.21.5' ],
47 silly audit   '@esbuild/linux-arm64': [ '0.21.5' ],
47 silly audit   '@esbuild/linux-ia32': [ '0.21.5' ],
47 silly audit   '@esbuild/linux-loong64': [ '0.21.5' ],
47 silly audit   '@esbuild/linux-mips64el': [ '0.21.5' ],
47 silly audit   '@esbuild/linux-ppc64': [ '0.21.5' ],
47 silly audit   '@esbuild/linux-riscv64': [ '0.21.5' ],
47 silly audit   '@esbuild/linux-s390x': [ '0.21.5' ],
47 silly audit   '@esbuild/linux-x64': [ '0.21.5' ],
47 silly audit   '@esbuild/netbsd-x64': [ '0.21.5' ],
47 silly audit   '@esbuild/openbsd-x64': [ '0.21.5' ],
47 silly audit   '@esbuild/sunos-x64': [ '0.21.5' ],
47 silly audit   '@esbuild/win32-arm64': [ '0.21.5' ],
47 silly audit   '@esbuild/win32-ia32': [ '0.21.5' ],
47 silly audit   '@esbuild/win32-x64': [ '0.21.5' ],
47 silly audit   '@isaacs/cliui': [ '8.0.2' ],
47 silly audit   '@jridgewell/gen-mapping': [ '0.3.5' ],
47 silly audit   '@jridgewell/resolve-uri': [ '3.1.2' ],
47 silly audit   '@jridgewell/set-array': [ '1.2.1' ],
47 silly audit   '@jridgewell/sourcemap-codec': [ '1.5.0' ],
47 silly audit   '@jridgewell/trace-mapping': [ '0.3.25' ],
47 silly audit   '@nodelib/fs.scandir': [ '2.1.5' ],
47 silly audit   '@nodelib/fs.stat': [ '2.0.5' ],
47 silly audit   '@nodelib/fs.walk': [ '1.2.8' ],
47 silly audit   '@pkgjs/parseargs': [ '0.11.0' ],
47 silly audit   '@rollup/rollup-android-arm-eabi': [ '4.27.4' ],
47 silly audit   '@rollup/rollup-android-arm64': [ '4.27.4' ],
47 silly audit   '@rollup/rollup-darwin-arm64': [ '4.27.4' ],
47 silly audit   '@rollup/rollup-darwin-x64': [ '4.27.4' ],
47 silly audit   '@rollup/rollup-freebsd-arm64': [ '4.27.4' ],
47 silly audit   '@rollup/rollup-freebsd-x64': [ '4.27.4' ],
47 silly audit   '@rollup/rollup-linux-arm-gnueabihf': [ '4.27.4' ],
47 silly audit   '@rollup/rollup-linux-arm-musleabihf': [ '4.27.4' ],
47 silly audit   '@rollup/rollup-linux-arm64-gnu': [ '4.27.4' ],
47 silly audit   '@rollup/rollup-linux-arm64-musl': [ '4.27.4' ],
47 silly audit   '@rollup/rollup-linux-powerpc64le-gnu': [ '4.27.4' ],
47 silly audit   '@rollup/rollup-linux-riscv64-gnu': [ '4.27.4' ],
47 silly audit   '@rollup/rollup-linux-s390x-gnu': [ '4.27.4' ],
47 silly audit   '@rollup/rollup-linux-x64-gnu': [ '4.27.4' ],
47 silly audit   '@rollup/rollup-linux-x64-musl': [ '4.27.4' ],
47 silly audit   '@rollup/rollup-win32-arm64-msvc': [ '4.27.4' ],
47 silly audit   '@rollup/rollup-win32-ia32-msvc': [ '4.27.4' ],
47 silly audit   '@rollup/rollup-win32-x64-msvc': [ '4.27.4' ],
47 silly audit   '@scarf/scarf': [ '1.4.0' ],
47 silly audit   '@swagger-api/apidom-ast': [ '1.0.0-beta.3' ],
47 silly audit   '@swagger-api/apidom-core': [ '1.0.0-beta.3' ],
47 silly audit   '@swagger-api/apidom-error': [ '1.0.0-beta.3' ],
47 silly audit   '@swagger-api/apidom-json-pointer': [ '1.0.0-beta.3' ],
47 silly audit   '@swagger-api/apidom-ns-api-design-systems': [ '1.0.0-beta.3' ],
47 silly audit   '@swagger-api/apidom-ns-asyncapi-2': [ '1.0.0-beta.3' ],
47 silly audit   '@swagger-api/apidom-ns-json-schema-draft-4': [ '1.0.0-beta.3' ],
47 silly audit   '@swagger-api/apidom-ns-json-schema-draft-6': [ '1.0.0-beta.3' ],
47 silly audit   '@swagger-api/apidom-ns-json-schema-draft-7': [ '1.0.0-beta.3' ],
47 silly audit   '@swagger-api/apidom-ns-openapi-2': [ '1.0.0-beta.3' ],
47 silly audit   '@swagger-api/apidom-ns-openapi-3-0': [ '1.0.0-beta.3' ],
47 silly audit   '@swagger-api/apidom-ns-openapi-3-1': [ '1.0.0-beta.3' ],
47 silly audit   '@swagger-api/apidom-ns-workflows-1': [ '1.0.0-beta.3' ],
47 silly audit   '@swagger-api/apidom-parser-adapter-api-design-systems-json': [ '1.0.0-beta.3' ],
47 silly audit   '@swagger-api/apidom-parser-adapter-api-design-systems-yaml': [ '1.0.0-beta.3' ],
47 silly audit   '@swagger-api/apidom-parser-adapter-asyncapi-json-2': [ '1.0.0-beta.3' ],
47 silly audit   '@swagger-api/apidom-parser-adapter-asyncapi-yaml-2': [ '1.0.0-beta.3' ],
47 silly audit   '@swagger-api/apidom-parser-adapter-json': [ '1.0.0-beta.3' ],
47 silly audit   '@swagger-api/apidom-parser-adapter-openapi-json-2': [ '1.0.0-beta.3' ],
47 silly audit   '@swagger-api/apidom-parser-adapter-openapi-json-3-0': [ '1.0.0-beta.3' ],
47 silly audit   '@swagger-api/apidom-parser-adapter-openapi-json-3-1': [ '1.0.0-beta.3' ],
47 silly audit   '@swagger-api/apidom-parser-adapter-openapi-yaml-2': [ '1.0.0-beta.3' ],
47 silly audit   '@swagger-api/apidom-parser-adapter-openapi-yaml-3-0': [ '1.0.0-beta.3' ],
47 silly audit   '@swagger-api/apidom-parser-adapter-openapi-yaml-3-1': [ '1.0.0-beta.3' ],
47 silly audit   '@swagger-api/apidom-parser-adapter-workflows-json-1': [ '1.0.0-beta.3' ],
47 silly audit   '@swagger-api/apidom-parser-adapter-workflows-yaml-1': [ '1.0.0-beta.3' ],
47 silly audit   '@swagger-api/apidom-parser-adapter-yaml-1-2': [ '1.0.0-beta.3' ],
47 silly audit   '@swagger-api/apidom-reference': [ '1.0.0-beta.3' ],
47 silly audit   '@tree-sitter-grammars/tree-sitter-yaml': [ '0.6.1' ],
47 silly audit   '@types/estree': [ '1.0.6' ],
47 silly audit   '@types/hast': [ '2.3.10' ],
47 silly audit   '@types/prop-types': [ '15.7.13' ],
47 silly audit   '@types/ramda': [ '0.30.2' ],
47 silly audit   '@types/react': [ '18.3.12' ],
47 silly audit   '@types/swagger-ui-react': [ '4.18.3' ],
47 silly audit   '@types/unist': [ '2.0.11' ],
47 silly audit   '@types/use-sync-external-store': [ '0.0.3' ],
47 silly audit   'ansi-regex': [ '6.1.0', '5.0.1' ],
47 silly audit   'ansi-styles': [ '4.3.0', '6.2.1' ],
47 silly audit   'any-promise': [ '1.3.0' ],
47 silly audit   anymatch: [ '3.1.3' ],
47 silly audit   'apg-lite': [ '1.0.4' ],
47 silly audit   arg: [ '5.0.2' ],
47 silly audit   argparse: [ '2.0.1', '1.0.10' ],
47 silly audit   asynckit: [ '0.4.0' ],
47 silly audit   autolinker: [ '3.16.2' ],
47 silly audit   autoprefixer: [ '10.4.20' ],
47 silly audit   axios: [ '1.7.8' ],
47 silly audit   'balanced-match': [ '1.0.2' ],
47 silly audit   'base64-js': [ '1.5.1' ],
47 silly audit   'binary-extensions': [ '2.3.0' ],
47 silly audit   'brace-expansion': [ '2.0.1' ],
47 silly audit   braces: [ '3.0.3' ],
47 silly audit   browserslist: [ '4.24.2' ],
47 silly audit   'camelcase-css': [ '2.0.1' ],
47 silly audit   'caniuse-lite': [ '1.0.30001684' ],
47 silly audit   chalk: [ '4.1.2' ],
47 silly audit   'supports-color': [ '7.2.0', '8.1.1' ],
47 silly audit   'character-entities': [ '1.2.4' ],
47 silly audit   'character-entities-legacy': [ '1.1.4' ],
47 silly audit   'character-reference-invalid': [ '1.1.4' ],
47 silly audit   chokidar: [ '3.6.0' ],
47 silly audit   'glob-parent': [ '5.1.2', '6.0.2' ],
47 silly audit   classnames: [ '2.5.1' ],
47 silly audit   cliui: [ '8.0.1' ],
47 silly audit   'emoji-regex': [ '8.0.0', '9.2.2' ],
47 silly audit   'string-width': [ '4.2.3', '5.1.2' ],
47 silly audit   'strip-ansi': [ '6.0.1', '7.1.0' ],
47 silly audit   'wrap-ansi': [ '7.0.0', '8.1.0' ],
47 silly audit   'color-convert': [ '2.0.1' ],
47 silly audit   'color-name': [ '1.1.4' ],
47 silly audit   'combined-stream': [ '1.0.8' ],
47 silly audit   'comma-separated-tokens': [ '1.0.8' ],
47 silly audit   commander: [ '4.1.1' ],
47 silly audit   concurrently: [ '9.1.0' ],
47 silly audit   cookie: [ '0.7.2' ],
47 silly audit   'copy-to-clipboard': [ '3.3.3' ],
47 silly audit   'core-js-pure': [ '3.39.0' ],
47 silly audit   'cross-spawn': [ '7.0.6' ],
47 silly audit   'css.escape': [ '1.5.1' ],
47 silly audit   cssesc: [ '3.0.0' ],
47 silly audit   csstype: [ '3.1.3' ],
47 silly audit   'deep-extend': [ '0.6.0' ],
47 silly audit   deepmerge: [ '4.3.1' ],
47 silly audit   'delayed-stream': [ '1.0.0' ],
47 silly audit   didyoumean: [ '1.2.2' ],
47 silly audit   dlv: [ '1.1.3' ],
47 silly audit   dompurify: [ '3.1.6' ],
47 silly audit   drange: [ '1.1.1' ],
47 silly audit   eastasianwidth: [ '0.2.0' ],
47 silly audit   'electron-to-chromium': [ '1.5.67' ],
47 silly audit   esbuild: [ '0.21.5' ],
47 silly audit   escalade: [ '3.2.0' ],
47 silly audit   'fast-glob': [ '3.3.2' ],
47 silly audit   'fast-json-patch': [ '3.1.1' ],
47 silly audit   fastq: [ '1.17.1' ],
47 silly audit   fault: [ '1.0.4' ],
47 silly audit   'fill-range': [ '7.1.1' ],
47 silly audit   'follow-redirects': [ '1.15.9' ],
47 silly audit   'foreground-child': [ '3.3.0' ],
47 silly audit   'form-data': [ '4.0.1' ],
47 silly audit   format: [ '0.2.2' ],
47 silly audit   'fraction.js': [ '4.3.7' ],
47 silly audit   fsevents: [ '2.3.3' ],
47 silly audit   'function-bind': [ '1.1.2' ],
47 silly audit   'get-caller-file': [ '2.0.5' ],
47 silly audit   glob: [ '10.4.5' ],
47 silly audit   minimatch: [ '9.0.5', '7.4.6' ],
47 silly audit   'has-flag': [ '4.0.0' ],
47 silly audit   hasown: [ '2.0.2' ],
47 silly audit   'hast-util-parse-selector': [ '2.2.5' ],
47 silly audit   hastscript: [ '6.0.0' ],
47 silly audit   'highlight.js': [ '10.7.3' ],
47 silly audit   'highlightjs-vue': [ '1.0.0' ],
47 silly audit   ieee754: [ '1.2.1' ],
47 silly audit   immutable: [ '3.8.2' ],
47 silly audit   inherits: [ '2.0.4' ],
47 silly audit   invariant: [ '2.2.4' ],
47 silly audit   'is-alphabetical': [ '1.0.4' ],
47 silly audit   'is-alphanumerical': [ '1.0.4' ],
47 silly audit   'is-binary-path': [ '2.1.0' ],
47 silly audit   'is-core-module': [ '2.15.1' ],
47 silly audit   'is-decimal': [ '1.0.4' ],
47 silly audit   'is-extglob': [ '2.1.1' ],
47 silly audit   'is-fullwidth-code-point': [ '3.0.0' ],
47 silly audit   'is-glob': [ '4.0.3' ],
47 silly audit   'is-hexadecimal': [ '1.0.4' ],
47 silly audit   'is-number': [ '7.0.0' ],
47 silly audit   isexe: [ '2.0.0' ],
47 silly audit   jackspeak: [ '3.4.3' ],
47 silly audit   jiti: [ '1.21.6' ],
47 silly audit   'js-file-download': [ '0.4.12' ],
47 silly audit   'js-tokens': [ '4.0.0' ],
47 silly audit   'js-yaml': [ '4.1.0' ],
47 silly audit   'laravel-vite-plugin': [ '1.0.6' ],
47 silly audit   lilconfig: [ '2.1.0', '3.1.2' ],
47 silly audit   'lines-and-columns': [ '1.2.4' ],
47 silly audit   lodash: [ '4.17.21' ],
47 silly audit   'lodash.debounce': [ '4.0.8' ],
47 silly audit   'loose-envify': [ '1.4.0' ],
47 silly audit   lowlight: [ '1.20.0' ],
47 silly audit   'lru-cache': [ '10.4.3' ],
47 silly audit   merge2: [ '1.4.1' ],
47 silly audit   micromatch: [ '4.0.8' ],
47 silly audit   'mime-db': [ '1.52.0' ],
47 silly audit   'mime-types': [ '2.1.35' ],
47 silly audit   minim: [ '0.23.8' ],
47 silly audit   minipass: [ '7.1.2' ],
47 silly audit   mz: [ '2.7.0' ],
47 silly audit   nanoid: [ '3.3.8' ],
47 silly audit   neotraverse: [ '0.6.18' ],
47 silly audit   'node-abort-controller': [ '3.1.1' ],
47 silly audit   'node-addon-api': [ '8.3.0' ],
47 silly audit   'node-domexception': [ '1.0.0' ],
47 silly audit   'node-fetch-commonjs': [ '3.3.2' ],
47 silly audit   'node-gyp-build': [ '4.8.4' ],
47 silly audit   'node-releases': [ '2.0.18' ],
47 silly audit   'normalize-path': [ '3.0.0' ],
47 silly audit   'normalize-range': [ '0.1.2' ],
47 silly audit   'object-assign': [ '4.1.1' ],
47 silly audit   'object-hash': [ '3.0.0' ],
47 silly audit   'openapi-path-templating': [ '1.6.0' ],
47 silly audit   'openapi-server-url-templating': [ '1.1.0' ],
47 silly audit   'package-json-from-dist': [ '1.0.1' ],
47 silly audit   'parse-entities': [ '2.0.0' ],
47 silly audit   'path-key': [ '3.1.1' ],
47 silly audit   'path-parse': [ '1.0.7' ],
47 silly audit   'path-scurry': [ '1.11.1' ],
47 silly audit   picocolors: [ '1.1.1' ],
47 silly audit   picomatch: [ '2.3.1' ],
47 silly audit   pify: [ '2.3.0' ],
47 silly audit   pirates: [ '4.0.6' ],
47 silly audit   postcss: [ '8.4.49' ],
47 silly audit   'postcss-import': [ '15.1.0' ],
47 silly audit   'postcss-js': [ '4.0.1' ],
47 silly audit   'postcss-load-config': [ '4.0.2' ],
47 silly audit   'postcss-nested': [ '6.2.0' ],
47 silly audit   'postcss-selector-parser': [ '6.1.2' ],
47 silly audit   'postcss-value-parser': [ '4.2.0' ],
47 silly audit   prismjs: [ '1.29.0', '1.27.0' ],
47 silly audit   process: [ '0.11.10' ],
47 silly audit   'prop-types': [ '15.8.1' ],
47 silly audit   'property-information': [ '5.6.0' ],
47 silly audit   'proxy-from-env': [ '1.1.0' ],
47 silly audit   querystringify: [ '2.2.0' ],
47 silly audit   'queue-microtask': [ '1.2.3' ],
47 silly audit   ramda: [ '0.30.1' ],
47 silly audit   'ramda-adjunct': [ '5.1.0' ],
47 silly audit   randexp: [ '0.5.3' ],
47 silly audit   randombytes: [ '2.1.0' ],
47 silly audit   react: [ '18.3.1' ],
47 silly audit   'react-copy-to-clipboard': [ '5.1.0' ],
47 silly audit   'react-debounce-input': [ '3.3.0' ],
47 silly audit   'react-dom': [ '18.3.1' ],
47 silly audit   'react-immutable-proptypes': [ '2.2.0' ],
47 silly audit   'react-immutable-pure-component': [ '2.2.2' ],
47 silly audit   'react-inspector': [ '6.0.2' ],
47 silly audit   'react-is': [ '16.13.1' ],
47 silly audit   'react-redux': [ '9.1.2' ],
47 silly audit   'react-syntax-highlighter': [ '15.6.1' ],
47 silly audit   'read-cache': [ '1.0.0' ],
47 silly audit   readdirp: [ '3.6.0' ],
47 silly audit   redux: [ '5.0.1' ],
47 silly audit   'redux-immutable': [ '4.0.0' ],
47 silly audit   refractor: [ '3.6.0' ],
47 silly audit   'regenerator-runtime': [ '0.14.1' ],
47 silly audit   remarkable: [ '2.0.1' ],
47 silly audit   'repeat-string': [ '1.6.1' ],
47 silly audit   'require-directory': [ '2.1.1' ],
47 silly audit   'requires-port': [ '1.0.0' ],
47 silly audit   reselect: [ '5.1.1' ],
47 silly audit   resolve: [ '1.22.8' ],
47 silly audit   ret: [ '0.2.2' ],
47 silly audit   reusify: [ '1.0.4' ],
47 silly audit   rollup: [ '4.27.4' ],
47 silly audit   'run-parallel': [ '1.2.0' ],
47 silly audit   rxjs: [ '7.8.1' ],
47 silly audit   'safe-buffer': [ '5.2.1' ],
47 silly audit   scheduler: [ '0.23.2' ],
47 silly audit   'serialize-error': [ '8.1.0' ],
47 silly audit   'sha.js': [ '2.4.11' ],
47 silly audit   'shebang-command': [ '2.0.0' ],
47 silly audit   'shebang-regex': [ '3.0.0' ],
47 silly audit   'shell-quote': [ '1.8.2' ],
47 silly audit   'short-unique-id': [ '5.2.0' ],
47 silly audit   'signal-exit': [ '4.1.0' ],
47 silly audit   'source-map-js': [ '1.2.1' ],
47 silly audit   'space-separated-tokens': [ '1.1.5' ],
47 silly audit   'sprintf-js': [ '1.0.3' ],
47 silly audit   sucrase: [ '3.35.0' ],
47 silly audit   'supports-preserve-symlinks-flag': [ '1.0.0' ],
47 silly audit   'swagger-client': [ '3.32.1' ],
47 silly audit   'swagger-ui-react': [ '5.18.2' ],
47 silly audit   tailwindcss: [ '3.4.15' ],
47 silly audit   thenify: [ '3.3.1' ],
47 silly audit   'thenify-all': [ '1.6.0' ],
47 silly audit   'to-regex-range': [ '5.0.1' ],
47 silly audit   'toggle-selection': [ '1.0.6' ],
47 silly audit   'tree-kill': [ '1.2.2' ],
47 silly audit   'tree-sitter': [ '0.21.1' ],
47 silly audit   'tree-sitter-json': [ '0.24.8' ],
47 silly audit   'ts-interface-checker': [ '0.1.13' ],
47 silly audit   'ts-mixer': [ '6.0.4' ],
47 silly audit   'ts-toolbelt': [ '9.6.0' ],
47 silly audit   tslib: [ '2.8.1' ],
47 silly audit   'type-fest': [ '0.20.2' ],
47 silly audit   'types-ramda': [ '0.30.1' ],
47 silly audit   unraw: [ '3.0.0' ],
47 silly audit   'update-browserslist-db': [ '1.1.1' ],
47 silly audit   'url-parse': [ '1.5.10' ],
47 silly audit   'use-sync-external-store': [ '1.2.2' ],
47 silly audit   'util-deprecate': [ '1.0.2' ],
47 silly audit   vite: [ '5.4.11' ],
47 silly audit   'vite-plugin-full-reload': [ '1.2.0' ],
47 silly audit   'web-streams-polyfill': [ '3.3.3' ],
47 silly audit   'web-tree-sitter': [ '0.24.3' ],
47 silly audit   which: [ '2.0.2' ],
47 silly audit   xml: [ '1.0.1' ],
47 silly audit   'xml-but-prettier': [ '1.0.1' ],
47 silly audit   xtend: [ '4.0.2' ],
47 silly audit   y18n: [ '5.0.8' ],
47 silly audit   yaml: [ '2.6.1' ],
47 silly audit   yargs: [ '17.7.2' ],
47 silly audit   'yargs-parser': [ '21.1.1' ],
47 silly audit   zenscroll: [ '4.0.2' ]
47 silly audit }
48 verbose reify failed optional dependency /var/www/node_modules/fsevents
49 silly reify mark deleted [ '/var/www/node_modules/fsevents' ]
50 verbose reify failed optional dependency /var/www/node_modules/@rollup/rollup-win32-ia32-msvc
51 silly reify mark deleted [ '/var/www/node_modules/@rollup/rollup-win32-ia32-msvc' ]
52 verbose reify failed optional dependency /var/www/node_modules/@rollup/rollup-win32-arm64-msvc
53 silly reify mark deleted [ '/var/www/node_modules/@rollup/rollup-win32-arm64-msvc' ]
54 verbose reify failed optional dependency /var/www/node_modules/@rollup/rollup-linux-s390x-gnu
55 silly reify mark deleted [ '/var/www/node_modules/@rollup/rollup-linux-s390x-gnu' ]
56 verbose reify failed optional dependency /var/www/node_modules/@rollup/rollup-linux-riscv64-gnu
57 silly reify mark deleted [ '/var/www/node_modules/@rollup/rollup-linux-riscv64-gnu' ]
58 verbose reify failed optional dependency /var/www/node_modules/@rollup/rollup-linux-powerpc64le-gnu
59 silly reify mark deleted [ '/var/www/node_modules/@rollup/rollup-linux-powerpc64le-gnu' ]
60 verbose reify failed optional dependency /var/www/node_modules/@rollup/rollup-linux-arm64-musl
61 silly reify mark deleted [ '/var/www/node_modules/@rollup/rollup-linux-arm64-musl' ]
62 verbose reify failed optional dependency /var/www/node_modules/@rollup/rollup-linux-arm64-gnu
63 silly reify mark deleted [ '/var/www/node_modules/@rollup/rollup-linux-arm64-gnu' ]
64 verbose reify failed optional dependency /var/www/node_modules/@rollup/rollup-linux-arm-musleabihf
65 silly reify mark deleted [ '/var/www/node_modules/@rollup/rollup-linux-arm-musleabihf' ]
66 verbose reify failed optional dependency /var/www/node_modules/@rollup/rollup-linux-arm-gnueabihf
67 silly reify mark deleted [ '/var/www/node_modules/@rollup/rollup-linux-arm-gnueabihf' ]
68 verbose reify failed optional dependency /var/www/node_modules/@rollup/rollup-freebsd-x64
69 silly reify mark deleted [ '/var/www/node_modules/@rollup/rollup-freebsd-x64' ]
70 verbose reify failed optional dependency /var/www/node_modules/@rollup/rollup-freebsd-arm64
71 silly reify mark deleted [ '/var/www/node_modules/@rollup/rollup-freebsd-arm64' ]
72 verbose reify failed optional dependency /var/www/node_modules/@rollup/rollup-darwin-x64
73 silly reify mark deleted [ '/var/www/node_modules/@rollup/rollup-darwin-x64' ]
74 verbose reify failed optional dependency /var/www/node_modules/@rollup/rollup-darwin-arm64
75 silly reify mark deleted [ '/var/www/node_modules/@rollup/rollup-darwin-arm64' ]
76 verbose reify failed optional dependency /var/www/node_modules/@rollup/rollup-android-arm64
77 silly reify mark deleted [ '/var/www/node_modules/@rollup/rollup-android-arm64' ]
78 verbose reify failed optional dependency /var/www/node_modules/@rollup/rollup-android-arm-eabi
79 silly reify mark deleted [ '/var/www/node_modules/@rollup/rollup-android-arm-eabi' ]
80 verbose reify failed optional dependency /var/www/node_modules/@esbuild/win32-ia32
81 silly reify mark deleted [ '/var/www/node_modules/@esbuild/win32-ia32' ]
82 verbose reify failed optional dependency /var/www/node_modules/@esbuild/win32-arm64
83 silly reify mark deleted [ '/var/www/node_modules/@esbuild/win32-arm64' ]
84 verbose reify failed optional dependency /var/www/node_modules/@esbuild/sunos-x64
85 silly reify mark deleted [ '/var/www/node_modules/@esbuild/sunos-x64' ]
86 verbose reify failed optional dependency /var/www/node_modules/@esbuild/openbsd-x64
87 silly reify mark deleted [ '/var/www/node_modules/@esbuild/openbsd-x64' ]
88 verbose reify failed optional dependency /var/www/node_modules/@esbuild/netbsd-x64
89 silly reify mark deleted [ '/var/www/node_modules/@esbuild/netbsd-x64' ]
90 verbose reify failed optional dependency /var/www/node_modules/@esbuild/linux-s390x
91 silly reify mark deleted [ '/var/www/node_modules/@esbuild/linux-s390x' ]
92 verbose reify failed optional dependency /var/www/node_modules/@esbuild/linux-riscv64
93 silly reify mark deleted [ '/var/www/node_modules/@esbuild/linux-riscv64' ]
94 verbose reify failed optional dependency /var/www/node_modules/@esbuild/linux-ppc64
95 silly reify mark deleted [ '/var/www/node_modules/@esbuild/linux-ppc64' ]
96 verbose reify failed optional dependency /var/www/node_modules/@esbuild/linux-mips64el
97 silly reify mark deleted [ '/var/www/node_modules/@esbuild/linux-mips64el' ]
98 verbose reify failed optional dependency /var/www/node_modules/@esbuild/linux-loong64
99 silly reify mark deleted [ '/var/www/node_modules/@esbuild/linux-loong64' ]
100 verbose reify failed optional dependency /var/www/node_modules/@esbuild/linux-ia32
101 silly reify mark deleted [ '/var/www/node_modules/@esbuild/linux-ia32' ]
102 verbose reify failed optional dependency /var/www/node_modules/@esbuild/linux-arm64
103 silly reify mark deleted [ '/var/www/node_modules/@esbuild/linux-arm64' ]
104 verbose reify failed optional dependency /var/www/node_modules/@esbuild/linux-arm
105 silly reify mark deleted [ '/var/www/node_modules/@esbuild/linux-arm' ]
106 verbose reify failed optional dependency /var/www/node_modules/@esbuild/freebsd-x64
107 silly reify mark deleted [ '/var/www/node_modules/@esbuild/freebsd-x64' ]
108 verbose reify failed optional dependency /var/www/node_modules/@esbuild/freebsd-arm64
109 silly reify mark deleted [ '/var/www/node_modules/@esbuild/freebsd-arm64' ]
110 verbose reify failed optional dependency /var/www/node_modules/@esbuild/darwin-x64
111 silly reify mark deleted [ '/var/www/node_modules/@esbuild/darwin-x64' ]
112 verbose reify failed optional dependency /var/www/node_modules/@esbuild/darwin-arm64
113 silly reify mark deleted [ '/var/www/node_modules/@esbuild/darwin-arm64' ]
114 verbose reify failed optional dependency /var/www/node_modules/@esbuild/android-x64
115 silly reify mark deleted [ '/var/www/node_modules/@esbuild/android-x64' ]
116 verbose reify failed optional dependency /var/www/node_modules/@esbuild/android-arm64
117 silly reify mark deleted [ '/var/www/node_modules/@esbuild/android-arm64' ]
118 verbose reify failed optional dependency /var/www/node_modules/@esbuild/android-arm
119 silly reify mark deleted [ '/var/www/node_modules/@esbuild/android-arm' ]
120 verbose reify failed optional dependency /var/www/node_modules/@esbuild/aix-ppc64
121 silly reify mark deleted [ '/var/www/node_modules/@esbuild/aix-ppc64' ]
122 timing reifyNode:node_modules/fsevents Completed in 70ms
123 timing reifyNode:node_modules/@rollup/rollup-win32-ia32-msvc Completed in 71ms
124 timing reifyNode:node_modules/@rollup/rollup-win32-arm64-msvc Completed in 71ms
125 timing reifyNode:node_modules/@rollup/rollup-linux-s390x-gnu Completed in 71ms
126 timing reifyNode:node_modules/@rollup/rollup-linux-riscv64-gnu Completed in 71ms
127 timing reifyNode:node_modules/@rollup/rollup-linux-powerpc64le-gnu Completed in 72ms
128 timing reifyNode:node_modules/@rollup/rollup-linux-arm64-musl Completed in 71ms
129 timing reifyNode:node_modules/@rollup/rollup-linux-arm64-gnu Completed in 71ms
130 timing reifyNode:node_modules/@rollup/rollup-linux-arm-musleabihf Completed in 72ms
131 timing reifyNode:node_modules/@rollup/rollup-linux-arm-gnueabihf Completed in 72ms
132 timing reifyNode:node_modules/@rollup/rollup-freebsd-x64 Completed in 72ms
133 timing reifyNode:node_modules/@rollup/rollup-freebsd-arm64 Completed in 72ms
134 timing reifyNode:node_modules/@rollup/rollup-darwin-x64 Completed in 73ms
135 timing reifyNode:node_modules/@rollup/rollup-darwin-arm64 Completed in 73ms
136 timing reifyNode:node_modules/@rollup/rollup-android-arm64 Completed in 73ms
137 timing reifyNode:node_modules/@rollup/rollup-android-arm-eabi Completed in 73ms
138 timing reifyNode:node_modules/@esbuild/win32-ia32 Completed in 74ms
139 timing reifyNode:node_modules/@esbuild/win32-arm64 Completed in 74ms
140 timing reifyNode:node_modules/@esbuild/sunos-x64 Completed in 73ms
141 timing reifyNode:node_modules/@esbuild/openbsd-x64 Completed in 74ms
142 timing reifyNode:node_modules/@esbuild/netbsd-x64 Completed in 74ms
143 timing reifyNode:node_modules/@esbuild/linux-s390x Completed in 74ms
144 timing reifyNode:node_modules/@esbuild/linux-riscv64 Completed in 74ms
145 timing reifyNode:node_modules/@esbuild/linux-ppc64 Completed in 75ms
146 timing reifyNode:node_modules/@esbuild/linux-mips64el Completed in 75ms
147 timing reifyNode:node_modules/@esbuild/linux-loong64 Completed in 75ms
148 timing reifyNode:node_modules/@esbuild/linux-ia32 Completed in 75ms
149 timing reifyNode:node_modules/@esbuild/linux-arm64 Completed in 76ms
150 timing reifyNode:node_modules/@esbuild/linux-arm Completed in 76ms
151 timing reifyNode:node_modules/@esbuild/freebsd-x64 Completed in 76ms
152 timing reifyNode:node_modules/@esbuild/freebsd-arm64 Completed in 75ms
153 timing reifyNode:node_modules/@esbuild/darwin-x64 Completed in 76ms
154 timing reifyNode:node_modules/@esbuild/darwin-arm64 Completed in 77ms
155 timing reifyNode:node_modules/@esbuild/android-x64 Completed in 77ms
156 timing reifyNode:node_modules/@esbuild/android-arm64 Completed in 77ms
157 timing reifyNode:node_modules/@esbuild/android-arm Completed in 78ms
158 timing reifyNode:node_modules/@esbuild/aix-ppc64 Completed in 78ms
159 silly tarball no local data for @rollup/rollup-linux-x64-musl@https://registry.npmjs.org/@rollup/rollup-linux-x64-musl/-/rollup-linux-x64-musl-4.27.4.tgz. Extracting by manifest.
160 silly tarball no local data for @esbuild/linux-x64@https://registry.npmjs.org/@esbuild/linux-x64/-/linux-x64-0.21.5.tgz. Extracting by manifest.
161 silly tarball no local data for @rollup/rollup-linux-x64-gnu@https://registry.npmjs.org/@rollup/rollup-linux-x64-gnu/-/rollup-linux-x64-gnu-4.27.4.tgz. Extracting by manifest.
162 http fetch POST 200 https://registry.npmjs.org/-/npm/v1/security/advisories/bulk 445ms
163 timing auditReport:getReport Completed in 453ms
164 silly audit report {}
165 timing auditReport:init Completed in 0ms
166 timing reify:audit Completed in 454ms
167 http fetch GET 200 https://registry.npmjs.org/@rollup/rollup-linux-x64-musl/-/rollup-linux-x64-musl-4.27.4.tgz 581ms (cache miss)
168 timing reifyNode:node_modules/@rollup/rollup-linux-x64-musl Completed in 681ms
169 http fetch GET 200 https://registry.npmjs.org/@rollup/rollup-linux-x64-gnu/-/rollup-linux-x64-gnu-4.27.4.tgz 578ms (cache miss)
170 timing reifyNode:node_modules/@rollup/rollup-linux-x64-gnu Completed in 682ms
171 http fetch GET 200 https://registry.npmjs.org/@esbuild/linux-x64/-/linux-x64-0.21.5.tgz 873ms (cache miss)
172 timing reifyNode:node_modules/@esbuild/linux-x64 Completed in 973ms
173 timing reify:unpack Completed in 977ms
174 timing reify:unretire Completed in 0ms
175 timing build:queue Completed in 16ms
176 timing build:deps Completed in 17ms
177 timing build Completed in 17ms
178 timing reify:build Completed in 19ms
179 timing reify:trash Completed in 56ms
180 timing reify:save Completed in 61ms
181 timing reify Completed in 1898ms
182 silly ADD
183 silly ADD
184 silly ADD
185 silly ADD node_modules/@rollup/rollup-linux-x64-musl
186 silly ADD node_modules/@rollup/rollup-linux-x64-gnu
187 silly ADD
188 silly ADD
189 silly ADD
190 silly ADD
191 silly ADD
192 silly ADD
193 silly ADD
194 silly ADD
195 silly ADD
196 silly ADD
197 silly ADD
198 silly ADD
199 silly ADD
200 silly ADD
201 silly ADD
202 silly ADD
203 silly ADD
204 silly ADD
205 silly ADD node_modules/@esbuild/linux-x64
206 silly ADD
207 silly ADD
208 silly ADD
209 silly ADD
210 silly ADD
211 silly ADD
212 silly ADD
213 silly ADD
214 silly ADD
215 silly ADD
216 silly ADD
217 silly ADD
218 silly ADD
219 silly ADD
220 silly ADD
221 silly ADD
222 timing command:install Completed in 1939ms
223 verbose exit 0
224 timing npm Completed in 1997ms
225 info ok
